<?xml version="1.0" encoding="UTF-8"?>
<!-- Generated by org.testng.reporters.JUnitXMLReporter -->
<testsuite ignored="0" hostname="DESKTOP-HP" failures="2" tests="2" name="TutorialsNinja Test Cases" time="8.55" errors="0" timestamp="2023-05-22T18:50:21 EDT">
  <testcase classname="com.tutorialninja.qa.testcases.Register" name="verifyRegisteringAnAccountWithMandatoryFields" time="0.022">
    <failure type="java.lang.NullPointerException" message="Cannot invoke &amp;quot;com.aventstack.extentreports.ExtentReports.createTest(String)&amp;quot; because &amp;quot;this.extentReport&amp;quot; is null">
      <![CDATA[java.lang.NullPointerException: Cannot invoke "com.aventstack.extentreports.ExtentReports.createTest(String)" because "this.extentReport" is null
at com.tutorialsninja.qa.listeners.MyListeners.onTestStart(MyListeners.java:38)
at java.base/java.util.ArrayList.forEach(ArrayList.java:1511)
... Removed 24 stack frames]]>
    </failure>
  </testcase> <!-- verifyRegisteringAnAccountWithMandatoryFields -->
  <testcase classname="com.tutorialninja.qa.testcases.Register" name="verifyRegisteringAnAccountWithMandatoryFields" time="8.336">
    <failure type="java.lang.NullPointerException" message="Cannot invoke &amp;quot;com.aventstack.extentreports.ExtentTest.addScreenCaptureFromPath(String)&amp;quot; because &amp;quot;this.extentTest&amp;quot; is null">
      <![CDATA[java.lang.NullPointerException: Cannot invoke "com.aventstack.extentreports.ExtentTest.addScreenCaptureFromPath(String)" because "this.extentTest" is null
at com.tutorialsninja.qa.listeners.MyListeners.onTestFailure(MyListeners.java:74)
at java.base/java.util.ArrayList.forEach(ArrayList.java:1511)
... Removed 24 stack frames]]>
    </failure>
  </testcase> <!-- verifyRegisteringAnAccountWithMandatoryFields -->
</testsuite> <!-- TutorialsNinja Test Cases -->
